Time[ps]      Etot[eV]     Epot[eV]     Ekin[eV]    T[K]
0.0000            3.211       -0.781        3.991   285.9
0.0000            3.211       -0.780        3.991   285.9
0.0000            3.211       -0.780        3.991   285.9
0.0000            3.211       -0.781        3.991   285.9
0.0000            3.211       -0.781        3.991   285.9
0.0001            3.211       -0.781        3.991   285.9
0.0001            3.210       -0.781        3.991   285.9
0.0001            3.210       -0.781        3.991   285.9
0.0001            3.210       -0.781        3.991   285.9
0.0001            3.210       -0.781        3.991   285.9
0.0001            3.210       -0.781        3.991   285.9
0.0001            3.210       -0.782        3.991   285.9
0.0001            3.210       -0.782        3.991   285.9
0.0001            3.209       -0.782        3.991   285.9
0.0001            3.209       -0.782        3.991   285.9
0.0002            3.209       -0.782        3.991   285.9
0.0002            3.209       -0.783        3.991   285.9
0.0002            3.209       -0.783        3.991   285.9
0.0002            3.208       -0.783        3.991   285.9
0.0002            3.208       -0.783        3.991   285.9
0.0002            3.208       -0.783        3.991   285.9
0.0002            3.208       -0.784        3.991   285.9
0.0002            3.207       -0.784        3.991   285.9
0.0002            3.207       -0.784        3.991   285.9
0.0002            3.207       -0.784        3.991   285.9
0.0003            3.207       -0.785        3.991   285.9
0.0003            3.206       -0.785        3.991   285.9
0.0003            3.206       -0.785        3.991   285.9
0.0003            3.206       -0.785        3.991   285.9
0.0003            3.206       -0.786        3.991   285.9
0.0003            3.205       -0.786        3.991   285.9
0.0003            3.205       -0.786        3.991   285.9
0.0003            3.205       -0.787        3.991   285.9
0.0003            3.205       -0.787        3.991   285.9
0.0003            3.204       -0.787        3.991   285.9
0.0004            3.204       -0.787        3.991   285.9
0.0004            3.204       -0.788        3.991   285.9
0.0004            3.203       -0.788        3.991   285.9
0.0004            3.203       -0.788        3.991   285.9
0.0004            3.203       -0.789        3.991   285.9
0.0004            3.203       -0.789        3.991   285.9
0.0004            3.202       -0.789        3.991   285.9
0.0004            3.202       -0.789        3.991   285.9
0.0004            3.202       -0.790        3.991   285.9
0.0004            3.201       -0.790        3.991   285.9
0.0005            3.201       -0.790        3.991   285.9
0.0005            3.201       -0.791        3.991   285.9
0.0005            3.201       -0.791        3.991   285.9
0.0005            3.200       -0.791        3.991   285.9
0.0005            3.200       -0.791        3.991   285.9
0.0005            3.200       -0.792        3.991   285.9
0.0005            3.199       -0.792        3.991   285.9
0.0005            3.199       -0.792        3.991   285.9
0.0005            3.199       -0.792        3.991   285.9
0.0005            3.199       -0.793        3.991   285.9
0.0006            3.198       -0.793        3.991   285.9
0.0006            3.198       -0.793        3.991   285.9
0.0006            3.198       -0.793        3.991   285.9
0.0006            3.198       -0.794        3.991   285.9
0.0006            3.197       -0.794        3.991   285.9
0.0006            3.197       -0.794        3.991   285.9
0.0006            3.197       -0.794        3.991   285.9
0.0006            3.197       -0.795        3.991   285.9
0.0006            3.196       -0.795        3.991   285.9
0.0007            3.196       -0.795        3.991   285.9
0.0007            3.196       -0.795        3.991   285.9
0.0007            3.196       -0.795        3.991   285.9
0.0007            3.195       -0.796        3.991   285.9
0.0007            3.195       -0.796        3.991   285.9
0.0007            3.195       -0.796        3.991   285.9
0.0007            3.195       -0.796        3.991   285.9
0.0007            3.195       -0.796        3.991   285.9
0.0007            3.194       -0.797        3.991   285.9
0.0007            3.194       -0.797        3.991   285.9
0.0008            3.194       -0.797        3.991   285.9
0.0008            3.194       -0.797        3.991   285.9
0.0008            3.193       -0.797        3.991   285.9
0.0008            3.193       -0.798        3.991   285.9
0.0008            3.193       -0.798        3.991   285.9
0.0008            3.193       -0.798        3.991   285.9
0.0008            3.193       -0.798        3.991   285.9
0.0008            3.192       -0.798        3.991   285.9
0.0008            3.192       -0.798        3.991   285.9
0.0008            3.192       -0.798        3.991   285.9
0.0009            3.192       -0.799        3.990   285.9
0.0009            3.192       -0.799        3.990   285.8
0.0009            3.191       -0.799        3.990   285.8
0.0009            3.191       -0.799        3.990   285.8
0.0009            3.191       -0.799        3.990   285.8
0.0009            3.191       -0.799        3.990   285.8
0.0009            3.191       -0.800        3.990   285.8
0.0009            3.190       -0.800        3.990   285.8
0.0009            3.190       -0.800        3.990   285.8
0.0009            3.190       -0.800        3.990   285.8
0.0010            3.190       -0.800        3.990   285.8
0.0010            3.190       -0.800        3.990   285.8
0.0010            3.189       -0.800        3.990   285.8
0.0010            3.189       -0.800        3.990   285.8
0.0010            3.189       -0.801        3.990   285.8
0.0010            3.189       -0.801        3.990   285.8
0.0010            3.189       -0.801        3.990   285.8
Time[ps]      Etot[eV]     Epot[eV]     Ekin[eV]    T[K]
0.0000            3.211       -0.781        3.991   285.9
0.0000            3.211       -0.780        3.991   285.9
Time[ps]      Etot[eV]     Epot[eV]     Ekin[eV]    T[K]
0.0000           -1.509       -5.784        4.275   306.2
0.0000           -1.509       -5.784        4.275   306.2
0.0000           -1.509       -5.784        4.275   306.2
0.0000           -1.509       -5.784        4.275   306.2
0.0000           -1.509       -5.784        4.275   306.2
0.0001           -1.509       -5.784        4.275   306.2
0.0001           -1.509       -5.784        4.275   306.2
0.0001           -1.509       -5.784        4.275   306.2
0.0001           -1.509       -5.784        4.275   306.2
0.0001           -1.509       -5.784        4.275   306.2
0.0001           -1.509       -5.784        4.275   306.2
0.0001           -1.509       -5.784        4.275   306.2
0.0001           -1.509       -5.784        4.275   306.2
0.0001           -1.509       -5.784        4.275   306.2
0.0001           -1.509       -5.784        4.275   306.2
0.0002           -1.509       -5.784        4.275   306.2
0.0002           -1.509       -5.784        4.275   306.2
0.0002           -1.509       -5.784        4.275   306.2
0.0002           -1.509       -5.784        4.275   306.2
0.0002           -1.509       -5.784        4.275   306.2
0.0002           -1.509       -5.784        4.275   306.2
0.0002           -1.509       -5.784        4.275   306.2
0.0002           -1.509       -5.784        4.275   306.2
0.0002           -1.509       -5.784        4.275   306.2
0.0002           -1.509       -5.784        4.275   306.2
0.0003           -1.509       -5.784        4.275   306.2
0.0003           -1.509       -5.784        4.275   306.2
0.0003           -1.509       -5.784        4.275   306.2
0.0003           -1.509       -5.784        4.275   306.2
0.0003           -1.509       -5.784        4.275   306.2
0.0003           -1.509       -5.784        4.275   306.2
0.0003           -1.509       -5.784        4.275   306.2
0.0003           -1.509       -5.784        4.275   306.2
0.0003           -1.509       -5.784        4.275   306.2
0.0003           -1.509       -5.784        4.275   306.2
0.0004           -1.509       -5.784        4.275   306.2
0.0004           -1.509       -5.784        4.275   306.2
0.0004           -1.509       -5.784        4.275   306.2
0.0004           -1.509       -5.784        4.275   306.2
0.0004           -1.509       -5.784        4.275   306.2
0.0004           -1.509       -5.784        4.275   306.2
0.0004           -1.509       -5.784        4.275   306.2
0.0004           -1.509       -5.784        4.275   306.2
0.0004           -1.509       -5.784        4.275   306.2
0.0004           -1.509       -5.784        4.275   306.2
0.0005           -1.509       -5.784        4.275   306.2
0.0005           -1.509       -5.784        4.275   306.2
0.0005           -1.509       -5.784        4.275   306.2
0.0005           -1.509       -5.784        4.275   306.2
0.0005           -1.509       -5.784        4.275   306.2
0.0005           -1.509       -5.784        4.275   306.2
0.0005           -1.509       -5.784        4.275   306.2
0.0005           -1.509       -5.784        4.275   306.2
0.0005           -1.509       -5.784        4.275   306.2
0.0005           -1.509       -5.784        4.275   306.2
0.0006           -1.509       -5.784        4.275   306.2
0.0006           -1.509       -5.784        4.275   306.2
0.0006           -1.509       -5.784        4.275   306.2
0.0006           -1.509       -5.784        4.275   306.2
0.0006           -1.509       -5.784        4.275   306.2
0.0006           -1.509       -5.784        4.275   306.2
0.0006           -1.509       -5.784        4.275   306.2
0.0006           -1.509       -5.784        4.275   306.2
0.0006           -1.509       -5.784        4.275   306.2
0.0007           -1.509       -5.784        4.275   306.2
0.0007           -1.509       -5.784        4.275   306.2
0.0007           -1.509       -5.784        4.275   306.2
0.0007           -1.509       -5.784        4.275   306.2
0.0007           -1.509       -5.784        4.275   306.2
0.0007           -1.509       -5.784        4.275   306.2
0.0007           -1.509       -5.784        4.275   306.2
0.0007           -1.509       -5.784        4.275   306.2
0.0007           -1.509       -5.784        4.275   306.2
0.0007           -1.509       -5.784        4.275   306.2
0.0008           -1.509       -5.784        4.275   306.2
0.0008           -1.509       -5.784        4.275   306.2
0.0008           -1.509       -5.784        4.275   306.2
0.0008           -1.509       -5.784        4.275   306.2
0.0008           -1.509       -5.784        4.275   306.2
0.0008           -1.509       -5.784        4.275   306.2
0.0008           -1.509       -5.784        4.275   306.2
0.0008           -1.509       -5.784        4.275   306.2
0.0008           -1.509       -5.784        4.275   306.2
0.0008           -1.509       -5.784        4.275   306.2
0.0009           -1.509       -5.784        4.275   306.2
0.0009           -1.509       -5.784        4.275   306.2
0.0009           -1.509       -5.784        4.275   306.2
0.0009           -1.509       -5.784        4.275   306.2
0.0009           -1.509       -5.784        4.275   306.2
0.0009           -1.509       -5.784        4.275   306.2
0.0009           -1.509       -5.784        4.275   306.2
0.0009           -1.509       -5.784        4.275   306.2
0.0009           -1.509       -5.784        4.275   306.2
0.0009           -1.509       -5.784        4.275   306.2
0.0010           -1.509       -5.784        4.275   306.2
0.0010           -1.509       -5.784        4.275   306.2
0.0010           -1.509       -5.784        4.275   306.2
0.0010           -1.509       -5.784        4.275   306.2
0.0010           -1.509       -5.784        4.275   306.2
0.0010           -1.509       -5.784        4.275   306.2
0.0010           -1.509       -5.784        4.275   306.2
Time[ps]      Etot[eV]     Epot[eV]     Ekin[eV]    T[K]
0.0000           -1.873       -5.784        3.912   280.2
0.0000           -1.873       -5.784        3.912   280.2
0.0000           -1.873       -5.784        3.912   280.2
0.0000           -1.873       -5.784        3.912   280.2
0.0000           -1.873       -5.784        3.912   280.2
0.0001           -1.873       -5.784        3.912   280.2
0.0001           -1.873       -5.784        3.912   280.2
0.0001           -1.873       -5.784        3.912   280.2
0.0001           -1.873       -5.784        3.912   280.2
0.0001           -1.873       -5.784        3.912   280.2
0.0001           -1.873       -5.784        3.912   280.2
0.0001           -1.873       -5.784        3.912   280.2
0.0001           -1.873       -5.784        3.912   280.2
0.0001           -1.873       -5.784        3.912   280.2
0.0001           -1.873       -5.784        3.912   280.2
0.0002           -1.873       -5.784        3.912   280.2
0.0002           -1.873       -5.784        3.912   280.2
0.0002           -1.873       -5.784        3.912   280.2
0.0002           -1.873       -5.784        3.912   280.2
0.0002           -1.873       -5.784        3.912   280.2
0.0002           -1.873       -5.784        3.912   280.2
0.0002           -1.873       -5.784        3.912   280.2
0.0002           -1.873       -5.784        3.912   280.2
0.0002           -1.873       -5.784        3.912   280.2
0.0002           -1.873       -5.784        3.912   280.2
0.0003           -1.873       -5.784        3.912   280.2
0.0003           -1.873       -5.784        3.912   280.2
0.0003           -1.873       -5.784        3.912   280.2
0.0003           -1.873       -5.784        3.912   280.2
0.0003           -1.873       -5.784        3.912   280.2
0.0003           -1.873       -5.784        3.912   280.2
0.0003           -1.873       -5.784        3.912   280.2
0.0003           -1.873       -5.784        3.912   280.2
0.0003           -1.873       -5.784        3.912   280.2
0.0003           -1.873       -5.784        3.912   280.2
0.0004           -1.873       -5.784        3.912   280.2
0.0004           -1.873       -5.784        3.912   280.2
0.0004           -1.873       -5.784        3.912   280.2
0.0004           -1.873       -5.784        3.912   280.2
0.0004           -1.873       -5.784        3.912   280.2
0.0004           -1.873       -5.784        3.912   280.2
0.0004           -1.873       -5.784        3.912   280.2
0.0004           -1.873       -5.784        3.912   280.2
0.0004           -1.873       -5.784        3.912   280.2
0.0004           -1.873       -5.784        3.912   280.2
0.0005           -1.873       -5.784        3.912   280.2
0.0005           -1.873       -5.784        3.912   280.2
0.0005           -1.873       -5.784        3.912   280.2
0.0005           -1.873       -5.784        3.912   280.2
0.0005           -1.873       -5.784        3.912   280.2
0.0005           -1.873       -5.784        3.912   280.2
0.0005           -1.873       -5.784        3.912   280.2
0.0005           -1.873       -5.784        3.912   280.2
0.0005           -1.873       -5.784        3.912   280.2
0.0005           -1.873       -5.784        3.912   280.2
0.0006           -1.873       -5.784        3.912   280.2
0.0006           -1.873       -5.784        3.912   280.2
0.0006           -1.873       -5.784        3.912   280.2
0.0006           -1.873       -5.784        3.912   280.2
0.0006           -1.873       -5.784        3.912   280.2
0.0006           -1.873       -5.784        3.912   280.2
0.0006           -1.873       -5.784        3.912   280.2
0.0006           -1.873       -5.784        3.912   280.2
0.0006           -1.873       -5.784        3.912   280.2
0.0007           -1.873       -5.784        3.912   280.2
0.0007           -1.873       -5.784        3.912   280.2
0.0007           -1.873       -5.784        3.912   280.2
0.0007           -1.873       -5.784        3.912   280.2
0.0007           -1.873       -5.784        3.912   280.2
0.0007           -1.873       -5.784        3.912   280.2
0.0007           -1.873       -5.784        3.912   280.2
0.0007           -1.873       -5.784        3.912   280.2
0.0007           -1.873       -5.784        3.912   280.2
0.0007           -1.873       -5.784        3.912   280.2
0.0008           -1.873       -5.784        3.912   280.2
0.0008           -1.873       -5.784        3.912   280.2
0.0008           -1.873       -5.784        3.912   280.2
0.0008           -1.873       -5.784        3.912   280.2
0.0008           -1.873       -5.784        3.912   280.2
0.0008           -1.873       -5.784        3.912   280.2
0.0008           -1.873       -5.784        3.912   280.2
0.0008           -1.873       -5.784        3.912   280.2
0.0008           -1.873       -5.784        3.912   280.2
0.0008           -1.873       -5.784        3.912   280.2
0.0009           -1.873       -5.784        3.912   280.2
0.0009           -1.873       -5.784        3.912   280.2
0.0009           -1.873       -5.784        3.912   280.2
0.0009           -1.873       -5.784        3.912   280.2
0.0009           -1.873       -5.784        3.912   280.2
0.0009           -1.873       -5.784        3.912   280.2
0.0009           -1.873       -5.784        3.912   280.2
0.0009           -1.873       -5.784        3.912   280.2
0.0009           -1.873       -5.784        3.912   280.2
0.0009           -1.873       -5.784        3.912   280.2
0.0010           -1.873       -5.784        3.912   280.2
0.0010           -1.873       -5.784        3.912   280.2
0.0010           -1.873       -5.784        3.912   280.2
0.0010           -1.873       -5.784        3.912   280.2
0.0010           -1.873       -5.784        3.912   280.2
0.0010           -1.873       -5.784        3.912   280.2
0.0010           -1.873       -5.784        3.912   280.2
Time[ps]      Etot[eV]     Epot[eV]     Ekin[eV]    T[K]
0.0000           -1.301       -5.784        4.483   321.1
0.0000           -1.301       -5.784        4.483   321.1
0.0000           -1.301       -5.784        4.483   321.1
0.0000           -1.301       -5.784        4.483   321.1
0.0000           -1.301       -5.784        4.483   321.1
0.0001           -1.301       -5.784        4.483   321.1
0.0001           -1.301       -5.784        4.483   321.1
0.0001           -1.301       -5.784        4.483   321.1
0.0001           -1.301       -5.784        4.483   321.1
0.0001           -1.301       -5.784        4.483   321.1
0.0001           -1.301       -5.784        4.483   321.1
0.0001           -1.301       -5.784        4.483   321.1
0.0001           -1.301       -5.784        4.483   321.1
0.0001           -1.301       -5.784        4.483   321.1
0.0001           -1.301       -5.784        4.483   321.1
0.0002           -1.301       -5.784        4.483   321.1
0.0002           -1.301       -5.784        4.483   321.1
0.0002           -1.301       -5.784        4.483   321.1
0.0002           -1.301       -5.784        4.483   321.1
0.0002           -1.301       -5.784        4.483   321.1
0.0002           -1.301       -5.784        4.483   321.1
0.0002           -1.301       -5.784        4.483   321.1
0.0002           -1.301       -5.784        4.483   321.1
0.0002           -1.301       -5.784        4.483   321.1
0.0002           -1.301       -5.784        4.483   321.1
0.0003           -1.301       -5.784        4.483   321.1
0.0003           -1.301       -5.784        4.483   321.1
0.0003           -1.301       -5.784        4.483   321.1
0.0003           -1.301       -5.784        4.483   321.1
0.0003           -1.301       -5.784        4.483   321.1
0.0003           -1.301       -5.784        4.483   321.1
0.0003           -1.301       -5.784        4.483   321.1
0.0003           -1.301       -5.784        4.483   321.1
0.0003           -1.301       -5.784        4.483   321.1
0.0003           -1.301       -5.784        4.483   321.1
0.0004           -1.301       -5.784        4.483   321.1
0.0004           -1.301       -5.784        4.483   321.1
0.0004           -1.301       -5.784        4.483   321.1
0.0004           -1.301       -5.784        4.483   321.1
0.0004           -1.301       -5.784        4.483   321.1
0.0004           -1.301       -5.784        4.483   321.1
0.0004           -1.301       -5.784        4.483   321.1
0.0004           -1.301       -5.784        4.483   321.1
0.0004           -1.301       -5.784        4.483   321.1
0.0004           -1.301       -5.784        4.483   321.1
0.0005           -1.301       -5.784        4.483   321.1
0.0005           -1.301       -5.784        4.483   321.1
0.0005           -1.301       -5.784        4.483   321.1
0.0005           -1.301       -5.784        4.483   321.1
0.0005           -1.301       -5.784        4.483   321.1
0.0005           -1.301       -5.784        4.483   321.1
0.0005           -1.301       -5.784        4.483   321.1
0.0005           -1.301       -5.784        4.483   321.1
0.0005           -1.301       -5.784        4.483   321.1
0.0005           -1.301       -5.784        4.483   321.1
0.0006           -1.301       -5.784        4.483   321.1
0.0006           -1.301       -5.784        4.483   321.1
0.0006           -1.301       -5.784        4.483   321.1
0.0006           -1.301       -5.784        4.483   321.1
0.0006           -1.301       -5.784        4.483   321.1
0.0006           -1.301       -5.784        4.483   321.1
0.0006           -1.301       -5.784        4.483   321.2
0.0006           -1.301       -5.784        4.483   321.2
0.0006           -1.301       -5.784        4.483   321.2
0.0007           -1.301       -5.784        4.483   321.2
0.0007           -1.301       -5.784        4.483   321.2
0.0007           -1.301       -5.784        4.483   321.2
0.0007           -1.301       -5.784        4.483   321.2
0.0007           -1.301       -5.784        4.483   321.2
0.0007           -1.301       -5.784        4.483   321.2
0.0007           -1.301       -5.784        4.483   321.2
0.0007           -1.301       -5.784        4.483   321.2
0.0007           -1.301       -5.784        4.483   321.2
0.0007           -1.301       -5.784        4.483   321.2
0.0008           -1.301       -5.784        4.483   321.2
0.0008           -1.301       -5.784        4.483   321.2
0.0008           -1.301       -5.784        4.483   321.2
0.0008           -1.301       -5.784        4.483   321.2
0.0008           -1.301       -5.784        4.483   321.2
0.0008           -1.301       -5.784        4.483   321.2
0.0008           -1.301       -5.784        4.483   321.2
0.0008           -1.301       -5.784        4.483   321.2
0.0008           -1.301       -5.784        4.483   321.2
0.0008           -1.301       -5.784        4.483   321.2
0.0009           -1.301       -5.784        4.483   321.2
0.0009           -1.301       -5.784        4.483   321.2
0.0009           -1.301       -5.784        4.483   321.2
0.0009           -1.301       -5.784        4.483   321.2
0.0009           -1.301       -5.784        4.483   321.2
0.0009           -1.301       -5.784        4.483   321.2
0.0009           -1.301       -5.784        4.483   321.2
0.0009           -1.301       -5.784        4.483   321.2
0.0009           -1.301       -5.784        4.483   321.2
0.0009           -1.301       -5.784        4.483   321.2
0.0010           -1.301       -5.784        4.483   321.2
0.0010           -1.301       -5.784        4.483   321.2
0.0010           -1.301       -5.784        4.483   321.2
0.0010           -1.301       -5.784        4.483   321.2
0.0010           -1.301       -5.784        4.483   321.2
0.0010           -1.301       -5.784        4.483   321.2
0.0010           -1.301       -5.784        4.483   321.2
Time[ps]      Etot[eV]     Epot[eV]     Ekin[eV]    T[K]
0.0000           -1.682       -5.784        4.102   293.8
0.0000           -1.682       -5.784        4.102   293.8
0.0000           -1.682       -5.784        4.102   293.8
0.0000           -1.682       -5.784        4.102   293.8
0.0000           -1.682       -5.784        4.102   293.8
0.0001           -1.682       -5.784        4.102   293.8
0.0001           -1.682       -5.784        4.102   293.8
0.0001           -1.682       -5.784        4.102   293.8
0.0001           -1.682       -5.784        4.102   293.8
0.0001           -1.682       -5.784        4.102   293.8
0.0001           -1.682       -5.784        4.102   293.8
0.0001           -1.682       -5.784        4.102   293.8
0.0001           -1.682       -5.784        4.102   293.8
0.0001           -1.682       -5.784        4.102   293.8
0.0001           -1.682       -5.784        4.102   293.8
0.0002           -1.682       -5.784        4.102   293.8
0.0002           -1.682       -5.784        4.102   293.8
0.0002           -1.682       -5.784        4.102   293.8
0.0002           -1.682       -5.784        4.102   293.8
0.0002           -1.682       -5.784        4.102   293.8
0.0002           -1.682       -5.784        4.102   293.8
0.0002           -1.682       -5.784        4.102   293.8
0.0002           -1.682       -5.784        4.102   293.8
0.0002           -1.682       -5.784        4.102   293.8
0.0002           -1.682       -5.784        4.102   293.8
0.0003           -1.682       -5.784        4.102   293.8
0.0003           -1.682       -5.784        4.102   293.8
0.0003           -1.682       -5.784        4.102   293.8
0.0003           -1.682       -5.784        4.102   293.8
0.0003           -1.682       -5.784        4.102   293.8
0.0003           -1.682       -5.784        4.102   293.8
0.0003           -1.682       -5.784        4.102   293.8
0.0003           -1.682       -5.784        4.102   293.8
0.0003           -1.682       -5.784        4.102   293.8
0.0003           -1.682       -5.784        4.102   293.8
0.0004           -1.682       -5.784        4.102   293.8
0.0004           -1.682       -5.784        4.102   293.8
0.0004           -1.682       -5.784        4.102   293.8
0.0004           -1.682       -5.784        4.102   293.8
0.0004           -1.682       -5.784        4.102   293.8
0.0004           -1.682       -5.784        4.102   293.8
0.0004           -1.682       -5.784        4.102   293.8
0.0004           -1.682       -5.784        4.102   293.8
0.0004           -1.682       -5.784        4.102   293.8
0.0004           -1.682       -5.784        4.102   293.8
0.0005           -1.682       -5.784        4.102   293.8
0.0005           -1.682       -5.784        4.102   293.8
0.0005           -1.682       -5.784        4.102   293.8
0.0005           -1.682       -5.784        4.102   293.8
0.0005           -1.682       -5.784        4.102   293.8
0.0005           -1.682       -5.784        4.102   293.8
0.0005           -1.682       -5.784        4.102   293.8
0.0005           -1.682       -5.784        4.102   293.8
0.0005           -1.682       -5.784        4.102   293.8
0.0005           -1.682       -5.784        4.102   293.8
0.0006           -1.682       -5.784        4.102   293.8
0.0006           -1.682       -5.784        4.102   293.8
0.0006           -1.682       -5.784        4.102   293.8
0.0006           -1.682       -5.784        4.102   293.8
0.0006           -1.682       -5.784        4.102   293.8
0.0006           -1.682       -5.784        4.102   293.8
0.0006           -1.682       -5.784        4.102   293.8
0.0006           -1.682       -5.784        4.102   293.8
0.0006           -1.682       -5.784        4.102   293.8
0.0007           -1.682       -5.784        4.102   293.8
0.0007           -1.682       -5.784        4.102   293.8
0.0007           -1.682       -5.784        4.102   293.8
0.0007           -1.682       -5.784        4.102   293.8
0.0007           -1.682       -5.784        4.102   293.8
0.0007           -1.682       -5.784        4.102   293.8
0.0007           -1.682       -5.784        4.102   293.8
0.0007           -1.682       -5.784        4.102   293.8
0.0007           -1.682       -5.784        4.102   293.8
0.0007           -1.682       -5.784        4.102   293.8
0.0008           -1.682       -5.784        4.102   293.8
0.0008           -1.682       -5.784        4.102   293.8
0.0008           -1.682       -5.784        4.102   293.8
0.0008           -1.682       -5.784        4.102   293.8
0.0008           -1.682       -5.784        4.102   293.8
0.0008           -1.682       -5.784        4.102   293.8
0.0008           -1.682       -5.784        4.102   293.8
0.0008           -1.682       -5.784        4.102   293.8
0.0008           -1.682       -5.784        4.102   293.8
0.0008           -1.682       -5.784        4.102   293.8
0.0009           -1.682       -5.784        4.102   293.8
0.0009           -1.682       -5.784        4.102   293.8
0.0009           -1.682       -5.784        4.102   293.8
0.0009           -1.682       -5.784        4.102   293.8
0.0009           -1.682       -5.784        4.102   293.8
0.0009           -1.682       -5.784        4.102   293.8
0.0009           -1.682       -5.784        4.102   293.8
0.0009           -1.682       -5.784        4.102   293.8
0.0009           -1.682       -5.784        4.102   293.8
0.0009           -1.682       -5.784        4.102   293.8
0.0010           -1.682       -5.784        4.102   293.8
0.0010           -1.682       -5.784        4.102   293.8
0.0010           -1.682       -5.784        4.102   293.8
0.0010           -1.682       -5.784        4.102   293.8
0.0010           -1.682       -5.784        4.102   293.8
0.0010           -1.682       -5.784        4.102   293.8
0.0010           -1.682       -5.784        4.102   293.8
Time[ps]      Etot[eV]     Epot[eV]     Ekin[eV]    T[K]
0.0000           -1.277       -5.784        4.507   322.8
0.0000           -1.277       -5.784        4.507   322.8
0.0000           -1.277       -5.784        4.507   322.8
0.0000           -1.277       -5.784        4.507   322.8
0.0000           -1.277       -5.784        4.507   322.8
0.0001           -1.277       -5.784        4.507   322.8
0.0001           -1.277       -5.784        4.507   322.8
0.0001           -1.277       -5.784        4.507   322.8
0.0001           -1.277       -5.784        4.507   322.8
0.0001           -1.277       -5.784        4.507   322.8
0.0001           -1.277       -5.784        4.507   322.8
0.0001           -1.277       -5.784        4.507   322.8
0.0001           -1.277       -5.784        4.507   322.8
0.0001           -1.277       -5.784        4.507   322.8
0.0001           -1.277       -5.784        4.507   322.8
0.0002           -1.277       -5.784        4.507   322.8
0.0002           -1.277       -5.784        4.507   322.8
0.0002           -1.277       -5.784        4.507   322.8
0.0002           -1.277       -5.784        4.507   322.8
0.0002           -1.277       -5.784        4.507   322.8
0.0002           -1.277       -5.784        4.507   322.8
0.0002           -1.277       -5.784        4.507   322.8
0.0002           -1.277       -5.784        4.507   322.8
0.0002           -1.277       -5.784        4.507   322.8
0.0002           -1.277       -5.784        4.507   322.8
0.0003           -1.277       -5.784        4.507   322.8
0.0003           -1.277       -5.784        4.507   322.8
0.0003           -1.277       -5.784        4.507   322.8
0.0003           -1.277       -5.784        4.507   322.8
0.0003           -1.277       -5.784        4.507   322.8
0.0003           -1.277       -5.784        4.507   322.8
0.0003           -1.277       -5.784        4.507   322.8
0.0003           -1.277       -5.784        4.507   322.8
0.0003           -1.277       -5.784        4.507   322.8
0.0003           -1.277       -5.784        4.507   322.8
0.0004           -1.277       -5.784        4.507   322.8
0.0004           -1.277       -5.784        4.507   322.8
0.0004           -1.277       -5.784        4.507   322.8
0.0004           -1.277       -5.784        4.507   322.8
0.0004           -1.277       -5.784        4.507   322.8
0.0004           -1.277       -5.784        4.507   322.8
0.0004           -1.277       -5.784        4.507   322.8
0.0004           -1.277       -5.784        4.507   322.8
0.0004           -1.277       -5.784        4.507   322.8
0.0004           -1.277       -5.784        4.507   322.8
0.0005           -1.277       -5.784        4.507   322.8
0.0005           -1.277       -5.784        4.507   322.8
0.0005           -1.277       -5.784        4.507   322.8
0.0005           -1.277       -5.784        4.507   322.8
0.0005           -1.277       -5.784        4.507   322.8
0.0005           -1.277       -5.784        4.507   322.8
0.0005           -1.277       -5.784        4.507   322.8
0.0005           -1.277       -5.784        4.507   322.8
0.0005           -1.277       -5.784        4.507   322.8
0.0005           -1.277       -5.784        4.507   322.8
0.0006           -1.277       -5.784        4.507   322.8
0.0006           -1.277       -5.784        4.507   322.8
0.0006           -1.277       -5.784        4.507   322.8
0.0006           -1.277       -5.784        4.507   322.8
0.0006           -1.277       -5.784        4.507   322.8
0.0006           -1.277       -5.784        4.507   322.8
0.0006           -1.277       -5.784        4.507   322.8
0.0006           -1.277       -5.784        4.507   322.8
0.0006           -1.277       -5.784        4.507   322.8
0.0007           -1.277       -5.784        4.507   322.8
0.0007           -1.277       -5.784        4.507   322.8
0.0007           -1.277       -5.784        4.507   322.8
0.0007           -1.277       -5.784        4.507   322.8
0.0007           -1.277       -5.784        4.507   322.8
0.0007           -1.277       -5.784        4.507   322.8
0.0007           -1.277       -5.784        4.507   322.8
0.0007           -1.277       -5.784        4.507   322.8
0.0007           -1.277       -5.784        4.507   322.8
0.0007           -1.277       -5.784        4.507   322.8
0.0008           -1.277       -5.784        4.507   322.8
0.0008           -1.277       -5.784        4.507   322.8
0.0008           -1.277       -5.784        4.507   322.8
0.0008           -1.277       -5.784        4.507   322.8
0.0008           -1.277       -5.784        4.507   322.8
0.0008           -1.277       -5.784        4.507   322.8
0.0008           -1.277       -5.784        4.507   322.8
0.0008           -1.277       -5.784        4.507   322.8
0.0008           -1.277       -5.784        4.507   322.8
0.0008           -1.277       -5.784        4.507   322.8
0.0009           -1.277       -5.784        4.507   322.8
0.0009           -1.277       -5.784        4.507   322.8
0.0009           -1.277       -5.784        4.507   322.8
0.0009           -1.277       -5.784        4.507   322.8
0.0009           -1.277       -5.784        4.507   322.8
0.0009           -1.277       -5.784        4.507   322.8
0.0009           -1.277       -5.784        4.507   322.8
0.0009           -1.277       -5.784        4.507   322.8
0.0009           -1.277       -5.784        4.507   322.8
0.0009           -1.277       -5.784        4.507   322.8
0.0010           -1.277       -5.784        4.507   322.8
0.0010           -1.277       -5.784        4.507   322.8
0.0010           -1.277       -5.784        4.507   322.8
0.0010           -1.277       -5.784        4.507   322.8
0.0010           -1.277       -5.784        4.507   322.8
0.0010           -1.277       -5.784        4.507   322.8
0.0010           -1.277       -5.784        4.507   322.8
Time[ps]      Etot[eV]     Epot[eV]     Ekin[eV]    T[K]
0.0000           -1.268       -5.784        4.516   323.5
0.0000           -1.268       -5.784        4.516   323.5
0.0000           -1.268       -5.784        4.516   323.5
0.0000           -1.268       -5.784        4.516   323.5
0.0000           -1.268       -5.784        4.516   323.5
0.0001           -1.268       -5.784        4.516   323.5
0.0001           -1.268       -5.784        4.516   323.5
0.0001           -1.268       -5.784        4.516   323.5
0.0001           -1.268       -5.784        4.516   323.5
0.0001           -1.268       -5.784        4.516   323.5
0.0001           -1.268       -5.784        4.516   323.5
0.0001           -1.268       -5.784        4.516   323.5
0.0001           -1.268       -5.784        4.516   323.5
0.0001           -1.268       -5.784        4.516   323.5
0.0001           -1.268       -5.784        4.516   323.5
0.0002           -1.268       -5.784        4.516   323.5
0.0002           -1.268       -5.784        4.516   323.5
0.0002           -1.268       -5.784        4.516   323.5
0.0002           -1.268       -5.784        4.516   323.5
0.0002           -1.268       -5.784        4.516   323.5
0.0002           -1.268       -5.784        4.516   323.5
0.0002           -1.268       -5.784        4.516   323.5
0.0002           -1.268       -5.784        4.516   323.5
0.0002           -1.268       -5.784        4.516   323.5
0.0002           -1.268       -5.784        4.516   323.5
0.0003           -1.268       -5.784        4.516   323.5
0.0003           -1.268       -5.784        4.516   323.5
0.0003           -1.268       -5.784        4.516   323.5
0.0003           -1.268       -5.784        4.516   323.5
0.0003           -1.268       -5.784        4.516   323.5
0.0003           -1.268       -5.784        4.516   323.5
0.0003           -1.268       -5.784        4.516   323.5
0.0003           -1.268       -5.784        4.516   323.5
0.0003           -1.268       -5.784        4.516   323.5
0.0003           -1.268       -5.784        4.516   323.5
0.0004           -1.268       -5.784        4.516   323.5
0.0004           -1.268       -5.784        4.516   323.5
0.0004           -1.268       -5.784        4.516   323.5
0.0004           -1.268       -5.784        4.516   323.5
0.0004           -1.268       -5.784        4.516   323.5
0.0004           -1.268       -5.784        4.516   323.5
0.0004           -1.268       -5.784        4.516   323.5
0.0004           -1.268       -5.784        4.516   323.5
0.0004           -1.268       -5.784        4.517   323.5
0.0004           -1.268       -5.784        4.517   323.5
0.0005           -1.268       -5.784        4.517   323.5
0.0005           -1.268       -5.784        4.517   323.5
0.0005           -1.268       -5.784        4.517   323.5
0.0005           -1.268       -5.784        4.517   323.5
0.0005           -1.268       -5.784        4.517   323.5
0.0005           -1.268       -5.784        4.517   323.5
0.0005           -1.268       -5.784        4.517   323.5
0.0005           -1.268       -5.784        4.517   323.5
0.0005           -1.268       -5.784        4.517   323.5
0.0005           -1.268       -5.784        4.517   323.5
0.0006           -1.268       -5.784        4.517   323.5
0.0006           -1.268       -5.784        4.517   323.5
0.0006           -1.268       -5.784        4.517   323.5
0.0006           -1.268       -5.784        4.517   323.5
0.0006           -1.268       -5.784        4.517   323.5
0.0006           -1.268       -5.784        4.517   323.5
0.0006           -1.268       -5.784        4.517   323.5
0.0006           -1.268       -5.784        4.517   323.5
0.0006           -1.268       -5.784        4.517   323.5
0.0007           -1.268       -5.784        4.517   323.5
0.0007           -1.268       -5.784        4.517   323.5
0.0007           -1.268       -5.784        4.517   323.5
0.0007           -1.268       -5.784        4.517   323.5
0.0007           -1.268       -5.784        4.517   323.5
0.0007           -1.268       -5.784        4.517   323.5
0.0007           -1.268       -5.784        4.517   323.5
0.0007           -1.268       -5.784        4.517   323.5
0.0007           -1.268       -5.784        4.517   323.5
0.0007           -1.268       -5.784        4.517   323.5
0.0008           -1.268       -5.784        4.517   323.5
0.0008           -1.268       -5.784        4.517   323.5
0.0008           -1.268       -5.784        4.517   323.5
0.0008           -1.268       -5.784        4.517   323.5
0.0008           -1.268       -5.784        4.517   323.5
0.0008           -1.268       -5.784        4.517   323.5
0.0008           -1.268       -5.784        4.517   323.5
0.0008           -1.268       -5.784        4.517   323.5
0.0008           -1.268       -5.784        4.517   323.5
0.0008           -1.268       -5.784        4.517   323.5
0.0009           -1.268       -5.784        4.517   323.5
0.0009           -1.268       -5.784        4.517   323.5
0.0009           -1.268       -5.784        4.517   323.5
0.0009           -1.268       -5.784        4.517   323.5
0.0009           -1.268       -5.784        4.517   323.5
0.0009           -1.268       -5.784        4.517   323.5
0.0009           -1.268       -5.784        4.517   323.5
0.0009           -1.268       -5.784        4.517   323.5
0.0009           -1.268       -5.784        4.517   323.5
0.0009           -1.268       -5.784        4.517   323.5
0.0010           -1.268       -5.784        4.517   323.5
0.0010           -1.268       -5.784        4.517   323.5
0.0010           -1.268       -5.784        4.517   323.5
0.0010           -1.268       -5.784        4.517   323.5
0.0010           -1.268       -5.784        4.517   323.5
0.0010           -1.268       -5.784        4.517   323.5
0.0010           -1.268       -5.784        4.517   323.5
