SDLBFGS:   0  21:29:12   11.6478500366     3.928088
SDLBFGS:   1  21:29:13   11.7479763031     3.913177
SDLBFGS:   2  21:29:13   11.6981554031     5.806848
SDLBFGS:   3  21:29:13   10.9349193573     7.663879
SDLBFGS:   4  21:29:13    9.8371496201     9.497328
SDLBFGS:   5  21:29:13    8.5194711685    11.361953
SDLBFGS:   6  21:29:13    6.9371185303    10.167895
SDLBFGS:   7  21:29:14    5.9520483017     0.270504
SDLBFGS:   8  21:29:14    6.4995541573     8.337088
SDLBFGS:   9  21:29:14    5.9610285759     0.153451
SDLBFGS:  10  21:29:14    5.9713559151     0.104525
SDLBFGS:  11  21:29:14    5.8951148987     0.120977
SDLBFGS:  12  21:29:14    5.8968052864     0.013077
SDLBFGS:   0  21:31:02   11.6478500366     3.928092
SDLBFGS:   1  21:31:02   11.6524438858     3.945202
SDLBFGS:   2  21:31:03   11.6695146561     5.867887
SDLBFGS:   3  21:31:03   10.9049882889     7.713374
SDLBFGS:   4  21:31:03    9.7851171494     9.564585
SDLBFGS:   5  21:31:03    8.5046415329    11.368871
SDLBFGS:   6  21:31:03    6.8850326538    10.022336
SDLBFGS:   7  21:31:03    5.9383025169     0.085666
SDLBFGS:   8  21:31:03    6.1462669373     5.429263
SDLBFGS:   9  21:31:03    5.9433431625     0.050821
SDLBFGS:  10  21:31:04    5.9554867744     0.021804
SDLBFGS:  11  21:31:04    5.9126868248     0.030398
SDLBFGS:  12  21:31:04    6.9595036507    30.145344
SDLBFGS:   0  21:39:10   11.6478500366     3.928092
SDLBFGS:   1  21:39:11   11.6524438858     3.945202
SDLBFGS:   2  21:39:11   11.6695146561     5.867887
SDLBFGS:   3  21:39:11   10.9049882889     7.713374
SDLBFGS:   4  21:39:11    9.7851171494     9.564585
SDLBFGS:   5  21:39:12    8.5046415329    11.368871
SDLBFGS:   6  21:39:12    6.8850326538    10.022336
SDLBFGS:   7  21:39:12    5.9383025169     0.085666
SDLBFGS:   8  21:39:12    6.1462669373     5.429263
SDLBFGS:   9  21:39:12    5.9433431625     0.050821
SDLBFGS:  10  21:39:12    5.9554867744     0.021804
SDLBFGS:  11  21:39:13    5.9126868248     0.030398
SDLBFGS:  12  21:39:13    6.9595036507    30.145344
